{"total": {"lines":{"total":440,"covered":387,"skipped":0,"pct":87.95},"statements":{"total":440,"covered":387,"skipped":0,"pct":87.95},"functions":{"total":59,"covered":50,"skipped":0,"pct":84.74},"branches":{"total":184,"covered":149,"skipped":0,"pct":80.97},"branchesTrue":{"total":0,"covered":0,"skipped":0,"pct":"Unknown"}}
,"/Users/enamakel/work/tinyhumansai/tinyflows-chrome-extension/extension/src/cdp.ts": {"lines":{"total":125,"covered":112,"skipped":0,"pct":89.6},"functions":{"total":12,"covered":10,"skipped":0,"pct":83.33},"statements":{"total":125,"covered":112,"skipped":0,"pct":89.6},"branches":{"total":40,"covered":29,"skipped":0,"pct":72.5}}
,"/Users/enamakel/work/tinyhumansai/tinyflows-chrome-extension/extension/src/errors.ts": {"lines":{"total":18,"covered":11,"skipped":0,"pct":61.11},"functions":{"total":2,"covered":1,"skipped":0,"pct":50},"statements":{"total":18,"covered":11,"skipped":0,"pct":61.11},"branches":{"total":1,"covered":1,"skipped":0,"pct":100}}
,"/Users/enamakel/work/tinyhumansai/tinyflows-chrome-extension/extension/src/protocol.ts": {"lines":{"total":60,"covered":60,"skipped":0,"pct":100},"functions":{"total":12,"covered":12,"skipped":0,"pct":100},"statements":{"total":60,"covered":60,"skipped":0,"pct":100},"branches":{"total":64,"covered":64,"skipped":0,"pct":100}}
,"/Users/enamakel/work/tinyhumansai/tinyflows-chrome-extension/extension/src/relay.ts": {"lines":{"total":117,"covered":104,"skipped":0,"pct":88.88},"functions":{"total":19,"covered":15,"skipped":0,"pct":78.94},"statements":{"total":117,"covered":104,"skipped":0,"pct":88.88},"branches":{"total":42,"covered":28,"skipped":0,"pct":66.66}}
,"/Users/enamakel/work/tinyhumansai/tinyflows-chrome-extension/extension/src/tab-manager.ts": {"lines":{"total":120,"covered":100,"skipped":0,"pct":83.33},"functions":{"total":14,"covered":12,"skipped":0,"pct":85.71},"statements":{"total":120,"covered":100,"skipped":0,"pct":83.33},"branches":{"total":37,"covered":27,"skipped":0,"pct":72.97}}
}
